<?xml version="1.0" encoding="UTF-8"?>
<testng-results ignored="0" total="1" passed="1" failed="0" skipped="0">
  <reporter-output>
  </reporter-output>
  <suite started-at="2025-09-10T12:37:57 IST" name="Default suite" finished-at="2025-09-10T12:38:06 IST" duration-ms="9776">
    <groups>
    </groups>
    <test started-at="2025-09-10T12:37:57 IST" name="Default test" finished-at="2025-09-10T12:38:06 IST" duration-ms="9776">
      <class name="tests.Test7">
        <test-method is-config="true" signature="setUp()[pri:0, instance:tests.Test7@1aa7ecca]" started-at="2025-09-10T12:37:57 IST" name="setUp" finished-at="2025-09-10T12:38:00 IST" duration-ms="3115" status="PASS">
          <reporter-output>
          </reporter-output>
        </test-method> <!-- setUp -->
        <test-method signature="purchaseItem()[pri:0, instance:tests.Test7@1aa7ecca]" started-at="2025-09-10T12:38:00 IST" name="purchaseItem" finished-at="2025-09-10T12:38:06 IST" duration-ms="6448" status="PASS">
          <reporter-output>
          </reporter-output>
        </test-method> <!-- purchaseItem -->
        <test-method is-config="true" signature="tearDown()[pri:0, instance:tests.Test7@1aa7ecca]" started-at="2025-09-10T12:38:06 IST" name="tearDown" finished-at="2025-09-10T12:38:06 IST" duration-ms="178" status="PASS">
          <reporter-output>
          </reporter-output>
        </test-method> <!-- tearDown -->
      </class> <!-- tests.Test7 -->
    </test> <!-- Default test -->
  </suite> <!-- Default suite -->
</testng-results>
