<?xml version="1.0" encoding="UTF-8"?>
<testng-results ignored="0" total="10" passed="10" failed="0" skipped="0">
  <reporter-output>
  </reporter-output>
  <suite started-at="2025-09-14T19:12:04 IST" name="Suite" finished-at="2025-09-14T19:14:38 IST" duration-ms="154747">
    <groups>
      <group name="cucumber">
        <method signature="AbstractTestNGCucumberTests.runScenario(io.cucumber.testng.PickleWrapper,io.cucumber.testng.FeatureWrapper)[pri:0, instance:runner.TestRunner@11bb571c]" name="runScenario" class="io.cucumber.testng.AbstractTestNGCucumberTests"/>
      </group> <!-- cucumber -->
    </groups>
    <test started-at="2025-09-14T19:12:04 IST" name="Cucumber Test Runner" finished-at="2025-09-14T19:14:38 IST" duration-ms="154747">
      <class name="runner.TestRunner">
        <test-method is-config="true" signature="setUpClass(org.testng.ITestContext)[pri:0, instance:runner.TestRunner@11bb571c]" started-at="2025-09-14T19:12:04 IST" name="setUpClass" finished-at="2025-09-14T19:12:04 IST" duration-ms="449" status="PASS">
          <params>
            <param index="0">
              <value>
                <![CDATA[org.testng.TestRunner@687d31a9]]>
              </value>
            </param>
          </params>
          <reporter-output>
          </reporter-output>
        </test-method> <!-- setUpClass -->
        <test-method signature="runScenario(io.cucumber.testng.PickleWrapper,io.cucumber.testng.FeatureWrapper)[pri:0, instance:runner.TestRunner@11bb571c]" started-at="2025-09-14T19:12:04 IST" name="runScenario" description="Runs Cucumber Scenarios" data-provider="scenarios" finished-at="2025-09-14T19:12:10 IST" duration-ms="5869" status="PASS">
          <params>
            <param index="0">
              <value>
                <![CDATA["Verify that the homepage loads successfully."]]>
              </value>
            </param>
            <param index="1">
              <value>
                <![CDATA["Verify Homepage Load"]]>
              </value>
            </param>
          </params>
          <reporter-output>
          </reporter-output>
        </test-method> <!-- runScenario -->
        <test-method signature="runScenario(io.cucumber.testng.PickleWrapper,io.cucumber.testng.FeatureWrapper)[pri:0, instance:runner.TestRunner@11bb571c]" started-at="2025-09-14T19:12:14 IST" name="runScenario" description="Runs Cucumber Scenarios" data-provider="scenarios" finished-at="2025-09-14T19:12:23 IST" duration-ms="8980" status="PASS">
          <params>
            <param index="0">
              <value>
                <![CDATA["Verify user can sign up successfully"]]>
              </value>
            </param>
            <param index="1">
              <value>
                <![CDATA["User Signup"]]>
              </value>
            </param>
          </params>
          <reporter-output>
          </reporter-output>
        </test-method> <!-- runScenario -->
        <test-method signature="runScenario(io.cucumber.testng.PickleWrapper,io.cucumber.testng.FeatureWrapper)[pri:0, instance:runner.TestRunner@11bb571c]" started-at="2025-09-14T19:12:27 IST" name="runScenario" description="Runs Cucumber Scenarios" data-provider="scenarios" finished-at="2025-09-14T19:12:38 IST" duration-ms="11251" status="PASS">
          <params>
            <param index="0">
              <value>
                <![CDATA["Verify user can LOG OUT successfully"]]>
              </value>
            </param>
            <param index="1">
              <value>
                <![CDATA["User Signup"]]>
              </value>
            </param>
          </params>
          <reporter-output>
          </reporter-output>
        </test-method> <!-- runScenario -->
        <test-method signature="runScenario(io.cucumber.testng.PickleWrapper,io.cucumber.testng.FeatureWrapper)[pri:0, instance:runner.TestRunner@11bb571c]" started-at="2025-09-14T19:12:42 IST" name="runScenario" description="Runs Cucumber Scenarios" data-provider="scenarios" finished-at="2025-09-14T19:12:54 IST" duration-ms="11867" status="PASS">
          <params>
            <param index="0">
              <value>
                <![CDATA["Verify the search functionality with a valid product"]]>
              </value>
            </param>
            <param index="1">
              <value>
                <![CDATA["Search Functionality"]]>
              </value>
            </param>
          </params>
          <reporter-output>
          </reporter-output>
        </test-method> <!-- runScenario -->
        <test-method signature="runScenario(io.cucumber.testng.PickleWrapper,io.cucumber.testng.FeatureWrapper)[pri:0, instance:runner.TestRunner@11bb571c]" started-at="2025-09-14T19:12:58 IST" name="runScenario" description="Runs Cucumber Scenarios" data-provider="scenarios" finished-at="2025-09-14T19:13:12 IST" duration-ms="13698" status="PASS">
          <params>
            <param index="0">
              <value>
                <![CDATA["Verify that a product can be added to the wishlist."]]>
              </value>
            </param>
            <param index="1">
              <value>
                <![CDATA["Search Functionality"]]>
              </value>
            </param>
          </params>
          <reporter-output>
          </reporter-output>
        </test-method> <!-- runScenario -->
        <test-method signature="runScenario(io.cucumber.testng.PickleWrapper,io.cucumber.testng.FeatureWrapper)[pri:0, instance:runner.TestRunner@11bb571c]" started-at="2025-09-14T19:13:16 IST" name="runScenario" description="Runs Cucumber Scenarios" data-provider="scenarios" finished-at="2025-09-14T19:13:29 IST" duration-ms="13549" status="PASS">
          <params>
            <param index="0">
              <value>
                <![CDATA["Verify that the product details page opens."]]>
              </value>
            </param>
            <param index="1">
              <value>
                <![CDATA["Search Functionality"]]>
              </value>
            </param>
          </params>
          <reporter-output>
          </reporter-output>
        </test-method> <!-- runScenario -->
        <test-method signature="runScenario(io.cucumber.testng.PickleWrapper,io.cucumber.testng.FeatureWrapper)[pri:0, instance:runner.TestRunner@11bb571c]" started-at="2025-09-14T19:13:34 IST" name="runScenario" description="Runs Cucumber Scenarios" data-provider="scenarios" finished-at="2025-09-14T19:13:47 IST" duration-ms="13866" status="PASS">
          <params>
            <param index="0">
              <value>
                <![CDATA["Verify that price filters work correctly."]]>
              </value>
            </param>
            <param index="1">
              <value>
                <![CDATA["Search Functionality"]]>
              </value>
            </param>
          </params>
          <reporter-output>
          </reporter-output>
        </test-method> <!-- runScenario -->
        <test-method signature="runScenario(io.cucumber.testng.PickleWrapper,io.cucumber.testng.FeatureWrapper)[pri:0, instance:runner.TestRunner@11bb571c]" started-at="2025-09-14T19:13:52 IST" name="runScenario" description="Runs Cucumber Scenarios" data-provider="scenarios" finished-at="2025-09-14T19:14:07 IST" duration-ms="15156" status="PASS">
          <params>
            <param index="0">
              <value>
                <![CDATA["Verify product details in the wishlist."]]>
              </value>
            </param>
            <param index="1">
              <value>
                <![CDATA["Search Functionality"]]>
              </value>
            </param>
          </params>
          <reporter-output>
          </reporter-output>
        </test-method> <!-- runScenario -->
        <test-method signature="runScenario(io.cucumber.testng.PickleWrapper,io.cucumber.testng.FeatureWrapper)[pri:0, instance:runner.TestRunner@11bb571c]" started-at="2025-09-14T19:14:11 IST" name="runScenario" description="Runs Cucumber Scenarios" data-provider="scenarios" finished-at="2025-09-14T19:14:23 IST" duration-ms="12609" status="PASS">
          <params>
            <param index="0">
              <value>
                <![CDATA["Verify product can be added to compare section."]]>
              </value>
            </param>
            <param index="1">
              <value>
                <![CDATA["Search Functionality"]]>
              </value>
            </param>
          </params>
          <reporter-output>
          </reporter-output>
        </test-method> <!-- runScenario -->
        <test-method signature="runScenario(io.cucumber.testng.PickleWrapper,io.cucumber.testng.FeatureWrapper)[pri:0, instance:runner.TestRunner@11bb571c]" started-at="2025-09-14T19:14:27 IST" name="runScenario" description="Runs Cucumber Scenarios" data-provider="scenarios" finished-at="2025-09-14T19:14:32 IST" duration-ms="4435" status="PASS">
          <params>
            <param index="0">
              <value>
                <![CDATA["Verify the functionality of footer links."]]>
              </value>
            </param>
            <param index="1">
              <value>
                <![CDATA["Footer functionality"]]>
              </value>
            </param>
          </params>
          <reporter-output>
          </reporter-output>
        </test-method> <!-- runScenario -->
        <test-method is-config="true" signature="tearDownClass()[pri:0, instance:runner.TestRunner@11bb571c]" started-at="2025-09-14T19:14:35 IST" name="tearDownClass" finished-at="2025-09-14T19:14:38 IST" duration-ms="3521" status="PASS">
          <reporter-output>
          </reporter-output>
        </test-method> <!-- tearDownClass -->
      </class> <!-- runner.TestRunner -->
    </test> <!-- Cucumber Test Runner -->
  </suite> <!-- Suite -->
</testng-results>
